# JRE version: Java(TM) SE Runtime Environment (7.0_51-b13) (build 1.7.0_51-b13)
# Java VM: Java HotSpot(TM) 64-Bit Server VM (24.51-b03 mixed mode linux-amd64 compressed oops)
Heap
 PSYoungGen      total 53248K, used 42195K [0x00000000f5500000, 0x00000000faa80000, 0x0000000100000000)
  eden space 34816K, 68% used [0x00000000f5500000,0x00000000f6c36218,0x00000000f7700000)
  from space 18432K, 99% used [0x00000000f8e00000,0x00000000f9ffed48,0x00000000fa000000)
  to   space 23552K, 0% used [0x00000000f7700000,0x00000000f7700000,0x00000000f8e00000)
 ParOldGen       total 48640K, used 29570K [0x00000000e0000000, 0x00000000e2f80000, 0x00000000f5500000)
  object space 48640K, 60% used [0x00000000e0000000,0x00000000e1ce0b80,0x00000000e2f80000)
 PSPermGen       total 47104K, used 46729K [0x00000000d0000000, 0x00000000d2e00000, 0x00000000e0000000)
  object space 47104K, 99% used [0x00000000d0000000,0x00000000d2da2550,0x00000000d2e00000)
GC Heap History (10 events):
Event: 6,002 GC heap before
{Heap before GC invocations=7 (full 1):
 PSYoungGen      total 23040K, used 21504K [0x00000000f5500000, 0x00000000f9400000, 0x0000000100000000)
  eden space 21504K, 100% used [0x00000000f5500000,0x00000000f6a00000,0x00000000f6a00000)
  from space 1536K, 0% used [0x00000000f6a00000,0x00000000f6a00000,0x00000000f6b80000)
  to   space 10752K, 0% used [0x00000000f8980000,0x00000000f8980000,0x00000000f9400000)
 ParOldGen       total 48640K, used 20421K [0x00000000e0000000, 0x00000000e2f80000, 0x00000000f5500000)
  object space 48640K, 41% used [0x00000000e0000000,0x00000000e13f1680,0x00000000e2f80000)
 PSPermGen       total 45568K, used 24812K [0x00000000d0000000, 0x00000000d2c80000, 0x00000000e0000000)
  object space 45568K, 54% used [0x00000000d0000000,0x00000000d183b168,0x00000000d2c80000)
Event: 6,016 GC heap after
Heap after GC invocations=7 (full 1):
 PSYoungGen      total 31744K, used 4231K [0x00000000f5500000, 0x00000000f8e00000, 0x0000000100000000)
  eden space 27136K, 0% used [0x00000000f5500000,0x00000000f5500000,0x00000000f6f80000)
  from space 4608K, 91% used [0x00000000f8980000,0x00000000f8da1ea8,0x00000000f8e00000)
  to   space 10240K, 0% used [0x00000000f7a00000,0x00000000f7a00000,0x00000000f8400000)
 ParOldGen       total 48640K, used 20421K [0x00000000e0000000, 0x00000000e2f80000, 0x00000000f5500000)
  object space 48640K, 41% used [0x00000000e0000000,0x00000000e13f1680,0x00000000e2f80000)
 PSPermGen       total 45568K, used 24812K [0x00000000d0000000, 0x00000000d2c80000, 0x00000000e0000000)
  object space 45568K, 54% used [0x00000000d0000000,0x00000000d183b168,0x00000000d2c80000)
}
Event: 7,882 GC heap before
{Heap before GC invocations=8 (full 1):
 PSYoungGen      total 31744K, used 31367K [0x00000000f5500000, 0x00000000f8e00000, 0x0000000100000000)
  eden space 27136K, 100% used [0x00000000f5500000,0x00000000f6f80000,0x00000000f6f80000)
  from space 4608K, 91% used [0x00000000f8980000,0x00000000f8da1ea8,0x00000000f8e00000)
  to   space 10240K, 0% used [0x00000000f7a00000,0x00000000f7a00000,0x00000000f8400000)
 ParOldGen       total 48640K, used 20421K [0x00000000e0000000, 0x00000000e2f80000, 0x00000000f5500000)
  object space 48640K, 41% used [0x00000000e0000000,0x00000000e13f1680,0x00000000e2f80000)
 PSPermGen       total 45568K, used 31833K [0x00000000d0000000, 0x00000000d2c80000, 0x00000000e0000000)
  object space 45568K, 69% used [0x00000000d0000000,0x00000000d1f167e0,0x00000000d2c80000)
Event: 7,913 GC heap after
Heap after GC invocations=8 (full 1):
 PSYoungGen      total 45056K, used 10232K [0x00000000f5500000, 0x00000000f9200000, 0x0000000100000000)
  eden space 34816K, 0% used [0x00000000f5500000,0x00000000f5500000,0x00000000f7700000)
  from space 10240K, 99% used [0x00000000f7a00000,0x00000000f83fe138,0x00000000f8400000)
  to   space 13824K, 0% used [0x00000000f8480000,0x00000000f8480000,0x00000000f9200000)
 ParOldGen       total 48640K, used 23606K [0x00000000e0000000, 0x00000000e2f80000, 0x00000000f5500000)
  object space 48640K, 48% used [0x00000000e0000000,0x00000000e170da10,0x00000000e2f80000)
 PSPermGen       total 45568K, used 31833K [0x00000000d0000000, 0x00000000d2c80000, 0x00000000e0000000)
  object space 45568K, 69% used [0x00000000d0000000,0x00000000d1f167e0,0x00000000d2c80000)
}
Event: 9,386 GC heap before
{Heap before GC invocations=9 (full 1):
 PSYoungGen      total 45056K, used 45048K [0x00000000f5500000, 0x00000000f9200000, 0x0000000100000000)
  eden space 34816K, 100% used [0x00000000f5500000,0x00000000f7700000,0x00000000f7700000)
  from space 10240K, 99% used [0x00000000f7a00000,0x00000000f83fe138,0x00000000f8400000)
  to   space 13824K, 0% used [0x00000000f8480000,0x00000000f8480000,0x00000000f9200000)
 ParOldGen       total 48640K, used 23606K [0x00000000e0000000, 0x00000000e2f80000, 0x00000000f5500000)
  object space 48640K, 48% used [0x00000000e0000000,0x00000000e170da10,0x00000000e2f80000)
 PSPermGen       total 45568K, used 33745K [0x00000000d0000000, 0x00000000d2c80000, 0x00000000e0000000)
  object space 45568K, 74% used [0x00000000d0000000,0x00000000d20f44a8,0x00000000d2c80000)
Event: 9,415 GC heap after
Heap after GC invocations=9 (full 1):
 PSYoungGen      total 46592K, used 13090K [0x00000000f5500000, 0x00000000fa000000, 0x0000000100000000)
  eden space 32768K, 0% used [0x00000000f5500000,0x00000000f5500000,0x00000000f7500000)
  from space 13824K, 94% used [0x00000000f8480000,0x00000000f91489e0,0x00000000f9200000)
  to   space 15872K, 0% used [0x00000000f7500000,0x00000000f7500000,0x00000000f8480000)
 ParOldGen       total 48640K, used 23606K [0x00000000e0000000, 0x00000000e2f80000, 0x00000000f5500000)
  object space 48640K, 48% used [0x00000000e0000000,0x00000000e170da10,0x00000000e2f80000)
 PSPermGen       total 45568K, used 33745K [0x00000000d0000000, 0x00000000d2c80000, 0x00000000e0000000)
  object space 45568K, 74% used [0x00000000d0000000,0x00000000d20f44a8,0x00000000d2c80000)
}
Event: 10,253 GC heap before
{Heap before GC invocations=10 (full 1):
 PSYoungGen      total 46592K, used 45858K [0x00000000f5500000, 0x00000000fa000000, 0x0000000100000000)
  eden space 32768K, 100% used [0x00000000f5500000,0x00000000f7500000,0x00000000f7500000)
  from space 13824K, 94% used [0x00000000f8480000,0x00000000f91489e0,0x00000000f9200000)
  to   space 15872K, 0% used [0x00000000f7500000,0x00000000f7500000,0x00000000f8480000)
 ParOldGen       total 48640K, used 23606K [0x00000000e0000000, 0x00000000e2f80000, 0x00000000f5500000)
  object space 48640K, 48% used [0x00000000e0000000,0x00000000e170da10,0x00000000e2f80000)
 PSPermGen       total 45568K, used 36927K [0x00000000d0000000, 0x00000000d2c80000, 0x00000000e0000000)
  object space 45568K, 81% used [0x00000000d0000000,0x00000000d240ff38,0x00000000d2c80000)
Event: 10,285 GC heap after
Heap after GC invocations=10 (full 1):
 PSYoungGen      total 48640K, used 15868K [0x00000000f5500000, 0x00000000fa000000, 0x0000000100000000)
  eden space 32768K, 0% used [0x00000000f5500000,0x00000000f5500000,0x00000000f7500000)
  from space 15872K, 99% used [0x00000000f7500000,0x00000000f847f320,0x00000000f8480000)
  to   space 18432K, 0% used [0x00000000f8e00000,0x00000000f8e00000,0x00000000fa000000)
 ParOldGen       total 48640K, used 23680K [0x00000000e0000000, 0x00000000e2f80000, 0x00000000f5500000)
  object space 48640K, 48% used [0x00000000e0000000,0x00000000e1720388,0x00000000e2f80000)
 PSPermGen       total 45568K, used 36927K [0x00000000d0000000, 0x00000000d2c80000, 0x00000000e0000000)
  object space 45568K, 81% used [0x00000000d0000000,0x00000000d240ff38,0x00000000d2c80000)
}
Event: 12,152 GC heap before
{Heap before GC invocations=11 (full 1):
 PSYoungGen      total 48640K, used 48636K [0x00000000f5500000, 0x00000000fa000000, 0x0000000100000000)
  eden space 32768K, 100% used [0x00000000f5500000,0x00000000f7500000,0x00000000f7500000)
  from space 15872K, 99% used [0x00000000f7500000,0x00000000f847f320,0x00000000f8480000)
  to   space 18432K, 0% used [0x00000000f8e00000,0x00000000f8e00000,0x00000000fa000000)
 ParOldGen       total 48640K, used 23680K [0x00000000e0000000, 0x00000000e2f80000, 0x00000000f5500000)
  object space 48640K, 48% used [0x00000000e0000000,0x00000000e1720388,0x00000000e2f80000)
 PSPermGen       total 45568K, used 44497K [0x00000000d0000000, 0x00000000d2c80000, 0x00000000e0000000)
  object space 45568K, 97% used [0x00000000d0000000,0x00000000d2b746e8,0x00000000d2c80000)
Event: 12,196 GC heap after
Heap after GC invocations=11 (full 1):
 PSYoungGen      total 53248K, used 18427K [0x00000000f5500000, 0x00000000faa80000, 0x0000000100000000)
  eden space 34816K, 0% used [0x00000000f5500000,0x00000000f5500000,0x00000000f7700000)
  from space 18432K, 99% used [0x00000000f8e00000,0x00000000f9ffed48,0x00000000fa000000)
  to   space 23552K, 0% used [0x00000000f7700000,0x00000000f7700000,0x00000000f8e00000)
 ParOldGen       total 48640K, used 29570K [0x00000000e0000000, 0x00000000e2f80000, 0x00000000f5500000)
  object space 48640K, 60% used [0x00000000e0000000,0x00000000e1ce0b80,0x00000000e2f80000)
 PSPermGen       total 45568K, used 44497K [0x00000000d0000000, 0x00000000d2c80000, 0x00000000e0000000)
  object space 45568K, 97% used [0x00000000d0000000,0x00000000d2b746e8,0x00000000d2c80000)
}

